Determining if the pthread_create exist failed with the following output:
Change Dir: /home/niuqiang/GetGit/QConf/CMakeFiles/CMakeTmp

Run Build Command:"/usr/bin/gmake" "cmTC_7e95a/fast"
/usr/bin/gmake -f CMakeFiles/cmTC_7e95a.dir/build.make CMakeFiles/cmTC_7e95a.dir/build
gmake[1]: Entering directory `/home/niuqiang/GetGit/QConf/CMakeFiles/CMakeTmp'
Building C object CMakeFiles/cmTC_7e95a.dir/CheckSymbolExists.c.o
/usr/bin/cc    -o CMakeFiles/cmTC_7e95a.dir/CheckSymbolExists.c.o   -c /home/niuqiang/GetGit/QConf/CMakeFiles/CMakeTmp/CheckSymbolExists.c
Linking C executable cmTC_7e95a
/usr/local/clion-2017.2.3/bin/cmake/bin/cmake -E cmake_link_script CMakeFiles/cmTC_7e95a.dir/link.txt --verbose=1
/usr/bin/cc      -rdynamic CMakeFiles/cmTC_7e95a.dir/CheckSymbolExists.c.o  -o cmTC_7e95a 
CMakeFiles/cmTC_7e95a.dir/CheckSymbolExists.c.o: In function `main':
CheckSymbolExists.c:(.text+0x16): undefined reference to `pthread_create'
collect2: error: ld returned 1 exit status
gmake[1]: *** [cmTC_7e95a] Error 1
gmake[1]: Leaving directory `/home/niuqiang/GetGit/QConf/CMakeFiles/CMakeTmp'
gmake: *** [cmTC_7e95a/fast] Error 2

File /home/niuqiang/GetGit/QConf/CMakeFiles/CMakeTmp/CheckSymbolExists.c:
/* */
#include <pthread.h>

int main(int argc, char** argv)
{
  (void)argv;
#ifndef pthread_create
  return ((int*)(&pthread_create))[argc];
#else
  (void)argc;
  return 0;
#endif
}

Determining if the function pthread_create exists in the pthreads failed with the following output:
Change Dir: /home/niuqiang/GetGit/QConf/CMakeFiles/CMakeTmp

Run Build Command:"/usr/bin/gmake" "cmTC_5f0bf/fast"
/usr/bin/gmake -f CMakeFiles/cmTC_5f0bf.dir/build.make CMakeFiles/cmTC_5f0bf.dir/build
gmake[1]: Entering directory `/home/niuqiang/GetGit/QConf/CMakeFiles/CMakeTmp'
Building C object CMakeFiles/cmTC_5f0bf.dir/CheckFunctionExists.c.o
/usr/bin/cc   -DCHECK_FUNCTION_EXISTS=pthread_create   -o CMakeFiles/cmTC_5f0bf.dir/CheckFunctionExists.c.o   -c /usr/local/clion-2017.2.3/bin/cmake/share/cmake-3.9/Modules/CheckFunctionExists.c
Linking C executable cmTC_5f0bf
/usr/local/clion-2017.2.3/bin/cmake/bin/cmake -E cmake_link_script CMakeFiles/cmTC_5f0bf.dir/link.txt --verbose=1
/usr/bin/cc  -DCHECK_FUNCTION_EXISTS=pthread_create    -rdynamic CMakeFiles/cmTC_5f0bf.dir/CheckFunctionExists.c.o  -o cmTC_5f0bf -lpthreads 
/usr/bin/ld: cannot find -lpthreads
collect2: error: ld returned 1 exit status
gmake[1]: *** [cmTC_5f0bf] Error 1
gmake[1]: Leaving directory `/home/niuqiang/GetGit/QConf/CMakeFiles/CMakeTmp'
gmake: *** [cmTC_5f0bf/fast] Error 2


